<?xml version="1.0" encoding="UTF-8"?>
<!-- Generated by org.testng.reporters.JUnitXMLReporter -->
<testsuite ignored="2" hostname="US107507WIN" failures="0" tests="1" name="Default test" time="0.453" errors="0" timestamp="2021-07-31T10:00:28 EEST">
  <testcase classname="TestCases.LoginTest" name="FakerDataGenerator" time="0.406"/>
  <testcase classname="TestCases.LoginTest" name="SuccessfulLogin" time="0.0">
    <ignored/>
  </testcase> <!-- SuccessfulLogin -->
  <testcase classname="TestCases.LoginTest" name="RandmonDataGeneraor" time="0.0">
    <ignored/>
  </testcase> <!-- RandmonDataGeneraor -->
</testsuite> <!-- Default test -->
