<?xml version="1.0" encoding="UTF-8"?>
<testng-results ignored="0" total="1" passed="1" failed="0" skipped="0">
  <reporter-output>
  </reporter-output>
  <suite started-at="2021-07-25T13:54:34 EEST" name="Suite" finished-at="2021-07-25T13:54:45 EEST" duration-ms="10692">
    <groups>
    </groups>
    <test started-at="2021-07-25T13:54:34 EEST" name="Test" finished-at="2021-07-25T13:54:45 EEST" duration-ms="10692">
      <class name="TestCases.LoginTest">
        <test-method signature="SuccessfulLogin()[pri:0, instance:TestCases.LoginTest@5b202a3a]" started-at="2021-07-25T13:54:34 EEST" name="SuccessfulLogin" finished-at="2021-07-25T13:54:45 EEST" duration-ms="10661" status="PASS">
          <reporter-output>
          </reporter-output>
        </test-method> <!-- SuccessfulLogin -->
      </class> <!-- TestCases.LoginTest -->
    </test> <!-- Test -->
  </suite> <!-- Suite -->
</testng-results>
