<?xml version="1.0" encoding="UTF-8"?>
<testng-results ignored="0" total="1" passed="1" failed="0" skipped="0">
  <reporter-output>
  </reporter-output>
  <suite started-at="2021-07-27T15:58:02 EEST" name="Suite" finished-at="2021-07-27T15:58:18 EEST" duration-ms="15101">
    <groups>
    </groups>
    <test started-at="2021-07-27T15:58:02 EEST" name="Test" finished-at="2021-07-27T15:58:18 EEST" duration-ms="15101">
      <class name="TestCases.LoginTest">
        <test-method signature="SuccessfulLogin()[pri:0, instance:TestCases.LoginTest@6b9ce1bf]" started-at="2021-07-27T15:58:02 EEST" name="SuccessfulLogin" finished-at="2021-07-27T15:58:18 EEST" duration-ms="15055" status="PASS">
          <reporter-output>
          </reporter-output>
        </test-method> <!-- SuccessfulLogin -->
      </class> <!-- TestCases.LoginTest -->
    </test> <!-- Test -->
  </suite> <!-- Suite -->
</testng-results>
